2020-02-27 11:42:24,465 - ERROR - Please setup the config file (FilesManager_Settings.json) and fill the path of the directories (origin/destination)
2020-02-27 11:42:24,468 - ERROR - Error during initialization. Check configuration settings on FilesManager_Settings.json file
2020-02-27 11:43:49,020 - ERROR - Error during initialization. Check configuration settings on FilesManager_Settings.json file
2020-02-27 11:59:21,541 - ERROR - Error during initialization. Check configuration settings on FilesManager_Settings.json file
2020-02-27 12:00:01,726 - ERROR - Error during initialization. Check configuration settings on FilesManager_Settings.json file
2020-02-27 12:02:19,458 - INFO - *******************************************************************************************
2020-02-27 12:02:19,946 - INFO - FileMan Version 1.0, Feb 2020
2020-02-27 12:02:21,326 - INFO - Starting monitoring on : C:/Users/rlopezmachad/Documents/UNO
2020-02-27 12:02:21,327 - INFO - Destination folder : C:/Users/rlopezmachad/Documents/DOS
2020-02-27 12:02:28,641 - INFO - Moving file C:/Users/rlopezmachad/Documents/UNO\10.1057_9781137377821_2.ris to C:/Users/rlopezmachad/Documents/DOS\ris\10.1057_9781137377821_2.ris
2020-02-27 12:02:28,645 - INFO - Moving file C:/Users/rlopezmachad/Documents/UNO\10046147048_20170302.pdf to C:/Users/rlopezmachad/Documents/DOS\pdf\10046147048_20170302.pdf
2020-02-27 12:02:28,649 - INFO - Moving file C:/Users/rlopezmachad/Documents/UNO\10999474-IBM-Strategic-Analysis.doc to C:/Users/rlopezmachad/Documents/DOS\doc\10999474-IBM-Strategic-Analysis.doc
2020-02-27 12:02:28,652 - INFO - Moving file C:/Users/rlopezmachad/Documents/UNO\14 Sixth St,BowdenManagement Agreement Proposal.pdf to C:/Users/rlopezmachad/Documents/DOS\pdf\14 Sixth St,BowdenManagement Agreement Proposal.pdf
2020-02-27 12:02:28,655 - INFO - Moving file C:/Users/rlopezmachad/Documents/UNO\2008-Africa_Research_Bulletin__Economic,_Financial_and_Technical_Series.pdf to C:/Users/rlopezmachad/Documents/DOS\pdf\2008-Africa_Research_Bulletin__Economic,_Financial_and_Technical_Series.pdf
2020-02-27 12:02:28,659 - INFO - Moving file C:/Users/rlopezmachad/Documents/UNO\24438695-Infosys-Strategy.pptx to C:/Users/rlopezmachad/Documents/DOS\pptx\24438695-Infosys-Strategy.pptx
2020-02-27 12:02:28,661 - INFO - Moving file C:/Users/rlopezmachad/Documents/UNO\4 Risks in IB - Copy.pptx to C:/Users/rlopezmachad/Documents/DOS\pptx\4 Risks in IB - Copy.pptx
2020-02-27 12:02:28,664 - INFO - Moving file C:/Users/rlopezmachad/Documents/UNO\4 Risks in IB.pptx to C:/Users/rlopezmachad/Documents/DOS\pptx\4 Risks in IB.pptx
2020-02-27 12:02:28,668 - INFO - Moving file C:/Users/rlopezmachad/Documents/UNO\77789611-IBM-Case-Study-Strategic-Management-Final-Report.docx to C:/Users/rlopezmachad/Documents/DOS\docx\77789611-IBM-Case-Study-Strategic-Management-Final-Report.docx
2020-02-27 12:02:28,673 - INFO - Moving file C:/Users/rlopezmachad/Documents/UNO\8830911525280177.ics to C:/Users/rlopezmachad/Documents/DOS\ics\8830911525280177.ics
2020-02-27 12:02:28,678 - INFO - Moving file C:/Users/rlopezmachad/Documents/UNO\A meaty planet p2 (1).jpg to C:/Users/rlopezmachad/Documents/DOS\jpg\A meaty planet p2 (1).jpg
2020-02-27 12:02:28,681 - INFO - Moving file C:/Users/rlopezmachad/Documents/UNO\A meaty planet p2.jpg to C:/Users/rlopezmachad/Documents/DOS\jpg\A meaty planet p2.jpg
2020-02-27 12:02:28,685 - INFO - Moving file C:/Users/rlopezmachad/Documents/UNO\A meaty planet p3.jpg to C:/Users/rlopezmachad/Documents/DOS\jpg\A meaty planet p3.jpg
2020-02-27 12:02:28,688 - INFO - Moving file C:/Users/rlopezmachad/Documents/UNO\A meaty planet.jpg to C:/Users/rlopezmachad/Documents/DOS\jpg\A meaty planet.jpg
2020-02-27 12:02:28,693 - INFO - Moving file C:/Users/rlopezmachad/Documents/UNO\ADL_DTC_CUSTOMER_INVITATION_Seq_Diagram to C:/Users/rlopezmachad/Documents/DOS\ADL_DTC_CUSTOMER_INVITATION_Seq_Diagram
2020-02-27 12:02:28,698 - INFO - Moving file C:/Users/rlopezmachad/Documents/UNO\ADL_DTC_CUSTOMER_INVITATION_Seq_Diagram(1).drawio to C:/Users/rlopezmachad/Documents/DOS\drawio\ADL_DTC_CUSTOMER_INVITATION_Seq_Diagram(1).drawio
2020-02-27 12:02:28,703 - INFO - Moving file C:/Users/rlopezmachad/Documents/UNO\ADL_DTC_CUSTOMER_INVITATION_Seq_Diagram(2).drawio to C:/Users/rlopezmachad/Documents/DOS\drawio\ADL_DTC_CUSTOMER_INVITATION_Seq_Diagram(2).drawio
2020-02-27 12:02:28,708 - INFO - Moving file C:/Users/rlopezmachad/Documents/UNO\ADL_DTC_CUSTOMER_INVITATION_Seq_Diagram.drawio to C:/Users/rlopezmachad/Documents/DOS\drawio\ADL_DTC_CUSTOMER_INVITATION_Seq_Diagram.drawio
2020-02-27 12:02:28,711 - INFO - Moving file C:/Users/rlopezmachad/Documents/UNO\ADL_DTC_CUSTOMER_INVITATION_Seq_Diagram.png to C:/Users/rlopezmachad/Documents/DOS\png\ADL_DTC_CUSTOMER_INVITATION_Seq_Diagram.png
2020-02-27 12:02:28,715 - INFO - Moving file C:/Users/rlopezmachad/Documents/UNO\AirwatchAgent190701.msi to C:/Users/rlopezmachad/Documents/DOS\msi\AirwatchAgent190701.msi
2020-02-27 12:02:28,719 - INFO - Moving file C:/Users/rlopezmachad/Documents/UNO\AirWatchLLC.VMwareWorkspaceONE.zip to C:/Users/rlopezmachad/Documents/DOS\zip\AirWatchLLC.VMwareWorkspaceONE.zip
2020-02-27 12:02:28,722 - INFO - Moving file C:/Users/rlopezmachad/Documents/UNO\appsettings.Development.local.json to C:/Users/rlopezmachad/Documents/DOS\json\appsettings.Development.local.json
2020-02-27 12:02:28,726 - INFO - Moving file C:/Users/rlopezmachad/Documents/UNO\aspnetcore-runtime-2.2.8-win-x64.exe to C:/Users/rlopezmachad/Documents/DOS\exe\aspnetcore-runtime-2.2.8-win-x64.exe
2020-02-27 12:02:28,729 - INFO - Moving file C:/Users/rlopezmachad/Documents/UNO\auditrun_response to C:/Users/rlopezmachad/Documents/DOS\auditrun_response
2020-02-27 12:02:28,732 - INFO - Moving file C:/Users/rlopezmachad/Documents/UNO\auditrun_response.json to C:/Users/rlopezmachad/Documents/DOS\json\auditrun_response.json
2020-02-27 12:02:28,734 - INFO - Moving file C:/Users/rlopezmachad/Documents/UNO\azuredatastudio-windows-user-setup-1.13.1.exe to C:/Users/rlopezmachad/Documents/DOS\exe\azuredatastudio-windows-user-setup-1.13.1.exe
2020-02-27 12:02:28,737 - INFO - Moving file C:/Users/rlopezmachad/Documents/UNO\azuredatastudio-windows-user-setup-1.14.1.exe to C:/Users/rlopezmachad/Documents/DOS\exe\azuredatastudio-windows-user-setup-1.14.1.exe
2020-02-27 12:02:28,741 - INFO - Moving file C:/Users/rlopezmachad/Documents/UNO\BAEP_PCDRV_L7_1_02_09.exe to C:/Users/rlopezmachad/Documents/DOS\exe\BAEP_PCDRV_L7_1_02_09.exe
2020-02-27 12:02:28,744 - INFO - Moving file C:/Users/rlopezmachad/Documents/UNO\BCompare-4.1.8.21575.exe to C:/Users/rlopezmachad/Documents/DOS\exe\BCompare-4.1.8.21575.exe
2020-02-27 12:02:28,747 - INFO - Moving file C:/Users/rlopezmachad/Documents/UNO\Branching strategy.pdf to C:/Users/rlopezmachad/Documents/DOS\pdf\Branching strategy.pdf
2020-02-27 12:02:28,750 - INFO - Moving file C:/Users/rlopezmachad/Documents/UNO\Bud far from Stella p2.jpg to C:/Users/rlopezmachad/Documents/DOS\jpg\Bud far from Stella p2.jpg
2020-02-27 12:02:28,754 - INFO - Moving file C:/Users/rlopezmachad/Documents/UNO\Bud far from Stella.jpg to C:/Users/rlopezmachad/Documents/DOS\jpg\Bud far from Stella.jpg
2020-02-27 12:02:28,758 - INFO - Moving file C:/Users/rlopezmachad/Documents/UNO\BUSS 5251 Ch 13 2019.pptx to C:/Users/rlopezmachad/Documents/DOS\pptx\BUSS 5251 Ch 13 2019.pptx
2020-02-27 12:02:28,761 - INFO - Moving file C:/Users/rlopezmachad/Documents/UNO\BUSS 5251 Ch 14 2019.pptx to C:/Users/rlopezmachad/Documents/DOS\pptx\BUSS 5251 Ch 14 2019.pptx
2020-02-27 12:02:28,764 - INFO - Moving file C:/Users/rlopezmachad/Documents/UNO\BUSS 5251 Ch 15 2019.pptx to C:/Users/rlopezmachad/Documents/DOS\pptx\BUSS 5251 Ch 15 2019.pptx
2020-02-27 12:02:28,767 - INFO - Moving file C:/Users/rlopezmachad/Documents/UNO\BUSS 5251 Ch 16 2019.pptx to C:/Users/rlopezmachad/Documents/DOS\pptx\BUSS 5251 Ch 16 2019.pptx
2020-02-27 12:02:28,770 - INFO - Moving file C:/Users/rlopezmachad/Documents/UNO\BUSS 5251 Ch 2 2019.pptx to C:/Users/rlopezmachad/Documents/DOS\pptx\BUSS 5251 Ch 2 2019.pptx
2020-02-27 12:02:28,773 - INFO - Moving file C:/Users/rlopezmachad/Documents/UNO\BUSS 5251 Ch 3 2019.pptx to C:/Users/rlopezmachad/Documents/DOS\pptx\BUSS 5251 Ch 3 2019.pptx
2020-02-27 12:02:28,776 - INFO - Moving file C:/Users/rlopezmachad/Documents/UNO\BUSS 5251 Ch 4 2019.pptx to C:/Users/rlopezmachad/Documents/DOS\pptx\BUSS 5251 Ch 4 2019.pptx
2020-02-27 12:02:28,778 - INFO - Moving file C:/Users/rlopezmachad/Documents/UNO\BUSS 5251 Ch 5 2019.pptx to C:/Users/rlopezmachad/Documents/DOS\pptx\BUSS 5251 Ch 5 2019.pptx
2020-02-27 12:02:28,780 - INFO - Moving file C:/Users/rlopezmachad/Documents/UNO\BUSS 5251 Ch 6 2019.pptx to C:/Users/rlopezmachad/Documents/DOS\pptx\BUSS 5251 Ch 6 2019.pptx
2020-02-27 12:02:28,784 - INFO - Moving file C:/Users/rlopezmachad/Documents/UNO\BUSS 5251 Ch 7 2019.pptx to C:/Users/rlopezmachad/Documents/DOS\pptx\BUSS 5251 Ch 7 2019.pptx
2020-02-27 12:02:28,786 - INFO - Moving file C:/Users/rlopezmachad/Documents/UNO\BUSS 5251 IB CH 1 2019.pptx to C:/Users/rlopezmachad/Documents/DOS\pptx\BUSS 5251 IB CH 1 2019.pptx
2020-02-27 12:02:28,789 - INFO - Moving file C:/Users/rlopezmachad/Documents/UNO\Cases for Topic 1-20190725.zip to C:/Users/rlopezmachad/Documents/DOS\zip\Cases for Topic 1-20190725.zip
2020-02-27 12:02:28,792 - INFO - Moving file C:/Users/rlopezmachad/Documents/UNO\Cases for Topic 2-20190725.zip to C:/Users/rlopezmachad/Documents/DOS\zip\Cases for Topic 2-20190725.zip
2020-02-27 12:02:28,796 - INFO - Moving file C:/Users/rlopezmachad/Documents/UNO\Cases for Topic 3-20190725.zip to C:/Users/rlopezmachad/Documents/DOS\zip\Cases for Topic 3-20190725.zip
2020-02-27 12:02:28,798 - INFO - Moving file C:/Users/rlopezmachad/Documents/UNO\Cases for Topic 7-20190821.zip to C:/Users/rlopezmachad/Documents/DOS\zip\Cases for Topic 7-20190821.zip
2020-02-27 12:02:28,801 - INFO - Moving file C:/Users/rlopezmachad/Documents/UNO\CEOs are not overpaid p2.jpg to C:/Users/rlopezmachad/Documents/DOS\jpg\CEOs are not overpaid p2.jpg
2020-02-27 12:02:28,804 - INFO - Moving file C:/Users/rlopezmachad/Documents/UNO\CEOs are not overpaid.jpg to C:/Users/rlopezmachad/Documents/DOS\jpg\CEOs are not overpaid.jpg
2020-02-27 12:02:28,807 - INFO - Moving file C:/Users/rlopezmachad/Documents/UNO\Chapter 1.pptx to C:/Users/rlopezmachad/Documents/DOS\pptx\Chapter 1.pptx
2020-02-27 12:02:28,811 - INFO - Moving file C:/Users/rlopezmachad/Documents/UNO\Chapter 13.pptx to C:/Users/rlopezmachad/Documents/DOS\pptx\Chapter 13.pptx
2020-02-27 12:02:28,814 - INFO - Moving file C:/Users/rlopezmachad/Documents/UNO\Chapter 14.pptx to C:/Users/rlopezmachad/Documents/DOS\pptx\Chapter 14.pptx
2020-02-27 12:02:28,817 - INFO - Moving file C:/Users/rlopezmachad/Documents/UNO\Chapter 2.pptx to C:/Users/rlopezmachad/Documents/DOS\pptx\Chapter 2.pptx
2020-02-27 12:02:28,820 - INFO - Moving file C:/Users/rlopezmachad/Documents/UNO\Chapter 3.pptx to C:/Users/rlopezmachad/Documents/DOS\pptx\Chapter 3.pptx
2020-02-27 12:02:28,823 - INFO - Moving file C:/Users/rlopezmachad/Documents/UNO\Chapter 4.pptx to C:/Users/rlopezmachad/Documents/DOS\pptx\Chapter 4.pptx
2020-02-27 12:02:28,827 - INFO - Moving file C:/Users/rlopezmachad/Documents/UNO\Chapter 5.pptx to C:/Users/rlopezmachad/Documents/DOS\pptx\Chapter 5.pptx
2020-02-27 12:02:28,830 - INFO - Moving file C:/Users/rlopezmachad/Documents/UNO\Chapter 6.pptx to C:/Users/rlopezmachad/Documents/DOS\pptx\Chapter 6.pptx
2020-02-27 12:02:28,833 - INFO - Moving file C:/Users/rlopezmachad/Documents/UNO\Chapter 7.pptx to C:/Users/rlopezmachad/Documents/DOS\pptx\Chapter 7.pptx
2020-02-27 12:02:28,836 - INFO - Moving file C:/Users/rlopezmachad/Documents/UNO\Chapter 8.pptx to C:/Users/rlopezmachad/Documents/DOS\pptx\Chapter 8.pptx
2020-02-27 12:02:28,838 - INFO - Moving file C:/Users/rlopezmachad/Documents/UNO\ChromeSetup.exe to C:/Users/rlopezmachad/Documents/DOS\exe\ChromeSetup.exe
2020-02-27 12:02:28,842 - INFO - Moving file C:/Users/rlopezmachad/Documents/UNO\Clara Milena Cardona Mora - Aus Passport.pdf to C:/Users/rlopezmachad/Documents/DOS\pdf\Clara Milena Cardona Mora - Aus Passport.pdf
2020-02-27 12:02:28,846 - INFO - Moving file C:/Users/rlopezmachad/Documents/UNO\CSVData.csv to C:/Users/rlopezmachad/Documents/DOS\csv\CSVData.csv
2020-02-27 12:02:28,852 - INFO - Moving file C:/Users/rlopezmachad/Documents/UNO\C__Users_rlopezmachad_OneDrive - DXC Production_Doco_Ruben_Lopez_11569641_07012019.docx to C:/Users/rlopezmachad/Documents/DOS\docx\C__Users_rlopezmachad_OneDrive - DXC Production_Doco_Ruben_Lopez_11569641_07012019.docx
2020-02-27 12:02:28,855 - INFO - Moving file C:/Users/rlopezmachad/Documents/UNO\Device Provisioning Prod to C:/Users/rlopezmachad/Documents/DOS\Device Provisioning Prod
2020-02-27 12:02:28,858 - INFO - Moving file C:/Users/rlopezmachad/Documents/UNO\DeviceProvisioning to C:/Users/rlopezmachad/Documents/DOS\DeviceProvisioning
2020-02-27 12:02:28,863 - INFO - Moving file C:/Users/rlopezmachad/Documents/UNO\DeviceProvisioning.zip to C:/Users/rlopezmachad/Documents/DOS\zip\DeviceProvisioning.zip
2020-02-27 12:02:28,880 - INFO - Moving file C:/Users/rlopezmachad/Documents/UNO\doc07984420200217164751.pdf to C:/Users/rlopezmachad/Documents/DOS\pdf\doc07984420200217164751.pdf
2020-02-27 12:02:28,883 - INFO - Moving file C:/Users/rlopezmachad/Documents/UNO\dotnet-install.ps1 to C:/Users/rlopezmachad/Documents/DOS\ps1\dotnet-install.ps1
2020-02-27 12:02:28,887 - INFO - Moving file C:/Users/rlopezmachad/Documents/UNO\dotnet-install.ps1 - Shortcut.lnk to C:/Users/rlopezmachad/Documents/DOS\lnk\dotnet-install.ps1 - Shortcut.lnk
2020-02-27 12:02:28,889 - INFO - Moving file C:/Users/rlopezmachad/Documents/UNO\dotnet-sdk-2.2.106-win-x64.exe to C:/Users/rlopezmachad/Documents/DOS\exe\dotnet-sdk-2.2.106-win-x64.exe
2020-02-27 12:02:28,893 - INFO - Moving file C:/Users/rlopezmachad/Documents/UNO\dotnet-sdk-2.2.207-win-x64.exe to C:/Users/rlopezmachad/Documents/DOS\exe\dotnet-sdk-2.2.207-win-x64.exe
2020-02-27 12:02:28,896 - INFO - Moving file C:/Users/rlopezmachad/Documents/UNO\dotnet-sdk-2.2.207-win-x86.exe to C:/Users/rlopezmachad/Documents/DOS\exe\dotnet-sdk-2.2.207-win-x86.exe
2020-02-27 12:02:28,899 - INFO - Moving file C:/Users/rlopezmachad/Documents/UNO\download.ics to C:/Users/rlopezmachad/Documents/DOS\ics\download.ics
2020-02-27 12:02:28,903 - INFO - Moving file C:/Users/rlopezmachad/Documents/UNO\DPC - Application rollup+airwatch_Cut down v2.xlsx to C:/Users/rlopezmachad/Documents/DOS\xlsx\DPC - Application rollup+airwatch_Cut down v2.xlsx
2020-02-27 12:02:28,906 - INFO - Moving file C:/Users/rlopezmachad/Documents/UNO\DPC Apps in WorkspaceONE - 20190925.csv to C:/Users/rlopezmachad/Documents/DOS\csv\DPC Apps in WorkspaceONE - 20190925.csv
2020-02-27 12:02:28,909 - INFO - Moving file C:/Users/rlopezmachad/Documents/UNO\DXC Migration TEsting (1).zip to C:/Users/rlopezmachad/Documents/DOS\zip\DXC Migration TEsting (1).zip
2020-02-27 12:02:28,914 - INFO - Moving file C:/Users/rlopezmachad/Documents/UNO\full_-LhRu1NcBzHT6_LFf9Rl.mp3 to C:/Users/rlopezmachad/Documents/DOS\mp3\full_-LhRu1NcBzHT6_LFf9Rl.mp3
2020-02-27 12:02:28,918 - INFO - Moving file C:/Users/rlopezmachad/Documents/UNO\get-pip.py to C:/Users/rlopezmachad/Documents/DOS\py\get-pip.py
2020-02-27 12:02:28,922 - INFO - Moving file C:/Users/rlopezmachad/Documents/UNO\Git-Credential-Manager-for-Windows-master.zip to C:/Users/rlopezmachad/Documents/DOS\zip\Git-Credential-Manager-for-Windows-master.zip
2020-02-27 12:02:28,926 - INFO - Moving file C:/Users/rlopezmachad/Documents/UNO\GitFlow.pdf to C:/Users/rlopezmachad/Documents/DOS\pdf\GitFlow.pdf
2020-02-27 12:02:28,930 - INFO - Moving file C:/Users/rlopezmachad/Documents/UNO\Group Assignment Version 1 19082019.docx to C:/Users/rlopezmachad/Documents/DOS\docx\Group Assignment Version 1 19082019.docx
2020-02-27 12:02:28,934 - INFO - Moving file C:/Users/rlopezmachad/Documents/UNO\invoice_1182570.pdf to C:/Users/rlopezmachad/Documents/DOS\pdf\invoice_1182570.pdf
2020-02-27 12:02:28,938 - INFO - Moving file C:/Users/rlopezmachad/Documents/UNO\jenkins-2.190.3.zip to C:/Users/rlopezmachad/Documents/DOS\zip\jenkins-2.190.3.zip
2020-02-27 12:02:28,943 - INFO - Moving file C:/Users/rlopezmachad/Documents/UNO\JIRA 2019-12-10T14_12_14+1030.csv to C:/Users/rlopezmachad/Documents/DOS\csv\JIRA 2019-12-10T14_12_14+1030.csv
2020-02-27 12:02:28,947 - INFO - Moving file C:/Users/rlopezmachad/Documents/UNO\JIRA 2019-12-10T14_26_08+1030.csv to C:/Users/rlopezmachad/Documents/DOS\csv\JIRA 2019-12-10T14_26_08+1030.csv
2020-02-27 12:02:28,955 - INFO - Moving file C:/Users/rlopezmachad/Documents/UNO\Klemzig Housing Evidence - TRPB_1_1036341948.pdf to C:/Users/rlopezmachad/Documents/DOS\pdf\Klemzig Housing Evidence - TRPB_1_1036341948.pdf
2020-02-27 12:02:28,960 - INFO - Moving file C:/Users/rlopezmachad/Documents/UNO\lc Ruben Lopez Machado.doc to C:/Users/rlopezmachad/Documents/DOS\doc\lc Ruben Lopez Machado.doc
2020-02-27 12:02:28,968 - INFO - Moving file C:/Users/rlopezmachad/Documents/UNO\LOGS from WnK New folder.zip to C:/Users/rlopezmachad/Documents/DOS\zip\LOGS from WnK New folder.zip
2020-02-27 12:02:28,997 - INFO - Moving file C:/Users/rlopezmachad/Documents/UNO\LP_-_14_Sixth_Street,_Bowden.pdf to C:/Users/rlopezmachad/Documents/DOS\pdf\LP_-_14_Sixth_Street,_Bowden.pdf
2020-02-27 12:02:29,004 - INFO - Moving file C:/Users/rlopezmachad/Documents/UNO\MBA BUSS 5251 SP4 2019 Intensive - Timetable (1).pdf to C:/Users/rlopezmachad/Documents/DOS\pdf\MBA BUSS 5251 SP4 2019 Intensive - Timetable (1).pdf
2020-02-27 12:02:29,010 - INFO - Moving file C:/Users/rlopezmachad/Documents/UNO\MBABUSS5251 IB Class- Information Session on the exam.pptx to C:/Users/rlopezmachad/Documents/DOS\pptx\MBABUSS5251 IB Class- Information Session on the exam.pptx
2020-02-27 12:02:29,015 - INFO - Moving file C:/Users/rlopezmachad/Documents/UNO\MDT_RestoreUserData.zip to C:/Users/rlopezmachad/Documents/DOS\zip\MDT_RestoreUserData.zip
2020-02-27 12:02:29,020 - INFO - Moving file C:/Users/rlopezmachad/Documents/UNO\MicrosoftTeams-image.png to C:/Users/rlopezmachad/Documents/DOS\png\MicrosoftTeams-image.png
2020-02-27 12:02:29,034 - INFO - Moving file C:/Users/rlopezmachad/Documents/UNO\my-bill.pdf to C:/Users/rlopezmachad/Documents/DOS\pdf\my-bill.pdf
2020-02-27 12:02:29,048 - INFO - Moving file C:/Users/rlopezmachad/Documents/UNO\mysql-installer-web-community-8.0.18.0.msi to C:/Users/rlopezmachad/Documents/DOS\msi\mysql-installer-web-community-8.0.18.0.msi
2020-02-27 12:02:29,084 - INFO - Moving file C:/Users/rlopezmachad/Documents/UNO\National Police Checking Service information1.pdf to C:/Users/rlopezmachad/Documents/DOS\pdf\National Police Checking Service information1.pdf
2020-02-27 12:02:29,091 - INFO - Moving file C:/Users/rlopezmachad/Documents/UNO\NODE SQL Azure error to C:/Users/rlopezmachad/Documents/DOS\NODE SQL Azure error
2020-02-27 12:02:29,096 - INFO - Moving file C:/Users/rlopezmachad/Documents/UNO\npp.7.7.1.Installer.exe to C:/Users/rlopezmachad/Documents/DOS\exe\npp.7.7.1.Installer.exe
2020-02-27 12:02:29,120 - INFO - Moving file C:/Users/rlopezmachad/Documents/UNO\O'Reilly - Mastering Regular Expressions 2nd Edition.pdf to C:/Users/rlopezmachad/Documents/DOS\pdf\O'Reilly - Mastering Regular Expressions 2nd Edition.pdf
2020-02-27 12:02:29,126 - INFO - Moving file C:/Users/rlopezmachad/Documents/UNO\O'Reilly - Online Investing Hacks.chm to C:/Users/rlopezmachad/Documents/DOS\chm\O'Reilly - Online Investing Hacks.chm
2020-02-27 12:02:29,129 - INFO - Moving file C:/Users/rlopezmachad/Documents/UNO\OneDrive-2019-09-19.zip to C:/Users/rlopezmachad/Documents/DOS\zip\OneDrive-2019-09-19.zip
2020-02-27 12:02:29,133 - INFO - Moving file C:/Users/rlopezmachad/Documents/UNO\OneDrive-2019-10-27.zip to C:/Users/rlopezmachad/Documents/DOS\zip\OneDrive-2019-10-27.zip
2020-02-27 12:02:29,137 - INFO - Moving file C:/Users/rlopezmachad/Documents/UNO\pack-616638-Instructions.pdf to C:/Users/rlopezmachad/Documents/DOS\pdf\pack-616638-Instructions.pdf
2020-02-27 12:02:29,140 - INFO - Moving file C:/Users/rlopezmachad/Documents/UNO\pack-616638-minPack (1).pdf to C:/Users/rlopezmachad/Documents/DOS\pdf\pack-616638-minPack (1).pdf
2020-02-27 12:02:29,144 - INFO - Moving file C:/Users/rlopezmachad/Documents/UNO\pack-616638-minPack.pdf to C:/Users/rlopezmachad/Documents/DOS\pdf\pack-616638-minPack.pdf
2020-02-27 12:02:29,147 - INFO - Moving file C:/Users/rlopezmachad/Documents/UNO\pack-616638-Signature.pdf to C:/Users/rlopezmachad/Documents/DOS\pdf\pack-616638-Signature.pdf
2020-02-27 12:02:29,150 - INFO - Moving file C:/Users/rlopezmachad/Documents/UNO\pack-616638-SoR.pdf to C:/Users/rlopezmachad/Documents/DOS\pdf\pack-616638-SoR.pdf
2020-02-27 12:02:29,153 - INFO - Moving file C:/Users/rlopezmachad/Documents/UNO\pay_statements (1).zip to C:/Users/rlopezmachad/Documents/DOS\zip\pay_statements (1).zip
2020-02-27 12:02:29,156 - INFO - Moving file C:/Users/rlopezmachad/Documents/UNO\pay_statements.zip to C:/Users/rlopezmachad/Documents/DOS\zip\pay_statements.zip
2020-02-27 12:02:29,161 - INFO - Moving file C:/Users/rlopezmachad/Documents/UNO\PER-20190927T032903Z-001_2.7z to C:/Users/rlopezmachad/Documents/DOS\7z\PER-20190927T032903Z-001_2.7z
2020-02-27 12:02:29,166 - INFO - Moving file C:/Users/rlopezmachad/Documents/UNO\persons_insert (1).sql to C:/Users/rlopezmachad/Documents/DOS\sql\persons_insert (1).sql
2020-02-27 12:02:29,170 - INFO - Moving file C:/Users/rlopezmachad/Documents/UNO\persons_insert (2).sql to C:/Users/rlopezmachad/Documents/DOS\sql\persons_insert (2).sql
2020-02-27 12:02:29,174 - INFO - Moving file C:/Users/rlopezmachad/Documents/UNO\persons_insert (3).sql to C:/Users/rlopezmachad/Documents/DOS\sql\persons_insert (3).sql
2020-02-27 12:02:29,177 - INFO - Moving file C:/Users/rlopezmachad/Documents/UNO\persons_insert.sql to C:/Users/rlopezmachad/Documents/DOS\sql\persons_insert.sql
2020-02-27 12:02:29,181 - INFO - Moving file C:/Users/rlopezmachad/Documents/UNO\Pester-master.zip to C:/Users/rlopezmachad/Documents/DOS\zip\Pester-master.zip
2020-02-27 12:02:29,190 - INFO - Moving file C:/Users/rlopezmachad/Documents/UNO\PMM Purwohedi and Gurd.pdf to C:/Users/rlopezmachad/Documents/DOS\pdf\PMM Purwohedi and Gurd.pdf
2020-02-27 12:02:29,197 - INFO - Moving file C:/Users/rlopezmachad/Documents/UNO\policies_response_1580971792405.json to C:/Users/rlopezmachad/Documents/DOS\json\policies_response_1580971792405.json
2020-02-27 12:02:29,201 - INFO - Moving file C:/Users/rlopezmachad/Documents/UNO\PORTAFOLIO FRANCISCO LOPEZ FEBRERO 2020.pdf to C:/Users/rlopezmachad/Documents/DOS\pdf\PORTAFOLIO FRANCISCO LOPEZ FEBRERO 2020.pdf
2020-02-27 12:02:29,204 - INFO - Moving file C:/Users/rlopezmachad/Documents/UNO\Portrush Rd Housing Evidence - TRPB_1_1227955151.pdf to C:/Users/rlopezmachad/Documents/DOS\pdf\Portrush Rd Housing Evidence - TRPB_1_1227955151.pdf
2020-02-27 12:02:29,207 - INFO - Moving file C:/Users/rlopezmachad/Documents/UNO\prevChunk 1.xlsx to C:/Users/rlopezmachad/Documents/DOS\xlsx\prevChunk 1.xlsx
2020-02-27 12:02:29,211 - INFO - Moving file C:/Users/rlopezmachad/Documents/UNO\prevChunk 2.xlsx to C:/Users/rlopezmachad/Documents/DOS\xlsx\prevChunk 2.xlsx
2020-02-27 12:02:29,214 - INFO - Moving file C:/Users/rlopezmachad/Documents/UNO\prevChunk 4.xlsx to C:/Users/rlopezmachad/Documents/DOS\xlsx\prevChunk 4.xlsx
2020-02-27 12:02:29,216 - INFO - Moving file C:/Users/rlopezmachad/Documents/UNO\Program.zip to C:/Users/rlopezmachad/Documents/DOS\zip\Program.zip
2020-02-27 12:02:29,219 - INFO - Moving file C:/Users/rlopezmachad/Documents/UNO\progress report notes.docx to C:/Users/rlopezmachad/Documents/DOS\docx\progress report notes.docx
2020-02-27 12:02:29,222 - INFO - Moving file C:/Users/rlopezmachad/Documents/UNO\pycharm-community-2019.3.3.exe to C:/Users/rlopezmachad/Documents/DOS\exe\pycharm-community-2019.3.3.exe
2020-02-27 12:02:29,225 - INFO - Moving file C:/Users/rlopezmachad/Documents/UNO\python-3.8.1.exe to C:/Users/rlopezmachad/Documents/DOS\exe\python-3.8.1.exe
2020-02-27 12:02:29,230 - INFO - Moving file C:/Users/rlopezmachad/Documents/UNO\query.iqy to C:/Users/rlopezmachad/Documents/DOS\iqy\query.iqy
2020-02-27 12:02:29,233 - INFO - Moving file C:/Users/rlopezmachad/Documents/UNO\rdcman.msi to C:/Users/rlopezmachad/Documents/DOS\msi\rdcman.msi
2020-02-27 12:02:29,237 - INFO - Moving file C:/Users/rlopezmachad/Documents/UNO\reportroot.ts to C:/Users/rlopezmachad/Documents/DOS\ts\reportroot.ts
2020-02-27 12:02:29,239 - INFO - Moving file C:/Users/rlopezmachad/Documents/UNO\report_lopez_machado_2415708-1591329 (1).pdf to C:/Users/rlopezmachad/Documents/DOS\pdf\report_lopez_machado_2415708-1591329 (1).pdf
2020-02-27 12:02:29,243 - INFO - Moving file C:/Users/rlopezmachad/Documents/UNO\report_lopez_machado_2415708-1591329 (2).pdf to C:/Users/rlopezmachad/Documents/DOS\pdf\report_lopez_machado_2415708-1591329 (2).pdf
2020-02-27 12:02:29,246 - INFO - Moving file C:/Users/rlopezmachad/Documents/UNO\report_lopez_machado_2415708-1591329.pdf to C:/Users/rlopezmachad/Documents/DOS\pdf\report_lopez_machado_2415708-1591329.pdf
2020-02-27 12:02:29,249 - INFO - Moving file C:/Users/rlopezmachad/Documents/UNO\response_1580791615271.json to C:/Users/rlopezmachad/Documents/DOS\json\response_1580791615271.json
2020-02-27 12:02:29,252 - INFO - Moving file C:/Users/rlopezmachad/Documents/UNO\response_1580792744935.json to C:/Users/rlopezmachad/Documents/DOS\json\response_1580792744935.json
2020-02-27 12:02:29,255 - INFO - Moving file C:/Users/rlopezmachad/Documents/UNO\Retiro de aportes voluntarios a pensiones.pdf to C:/Users/rlopezmachad/Documents/DOS\pdf\Retiro de aportes voluntarios a pensiones.pdf
2020-02-27 12:02:29,259 - INFO - Moving file C:/Users/rlopezmachad/Documents/UNO\Revenue_Mobilization_in_Sub-Saharan_Africa_Challen....pdf to C:/Users/rlopezmachad/Documents/DOS\pdf\Revenue_Mobilization_in_Sub-Saharan_Africa_Challen....pdf
2020-02-27 12:02:29,263 - INFO - Moving file C:/Users/rlopezmachad/Documents/UNO\Revolutionary cells.jpg to C:/Users/rlopezmachad/Documents/DOS\jpg\Revolutionary cells.jpg
2020-02-27 12:02:29,266 - INFO - Moving file C:/Users/rlopezmachad/Documents/UNO\rp-economic-impact-cybercrime.pdf to C:/Users/rlopezmachad/Documents/DOS\pdf\rp-economic-impact-cybercrime.pdf
2020-02-27 12:02:29,270 - INFO - Moving file C:/Users/rlopezmachad/Documents/UNO\Ruben Lopez Machado.doc to C:/Users/rlopezmachad/Documents/DOS\doc\Ruben Lopez Machado.doc
2020-02-27 12:02:29,273 - INFO - Moving file C:/Users/rlopezmachad/Documents/UNO\RY8VY9CRWTBHFD9YXTR7M683QPPJ_26.pdf to C:/Users/rlopezmachad/Documents/DOS\pdf\RY8VY9CRWTBHFD9YXTR7M683QPPJ_26.pdf
2020-02-27 12:02:29,276 - INFO - Moving file C:/Users/rlopezmachad/Documents/UNO\SAH - WCH - Application List v1.0.xlsx to C:/Users/rlopezmachad/Documents/DOS\xlsx\SAH - WCH - Application List v1.0.xlsx
2020-02-27 12:02:29,280 - INFO - Moving file C:/Users/rlopezmachad/Documents/UNO\SAH - WCH - Less than 10 v1.0.xlsx to C:/Users/rlopezmachad/Documents/DOS\xlsx\SAH - WCH - Less than 10 v1.0.xlsx
2020-02-27 12:02:29,283 - INFO - Moving file C:/Users/rlopezmachad/Documents/UNO\SAH Wipe and Load (W&L) Script_3bbb58f7f6c643499e1f9e038bf52dea-290719-0103-4158.pdf to C:/Users/rlopezmachad/Documents/DOS\pdf\SAH Wipe and Load (W&L) Script_3bbb58f7f6c643499e1f9e038bf52dea-290719-0103-4158.pdf
2020-02-27 12:02:29,286 - INFO - Moving file C:/Users/rlopezmachad/Documents/UNO\SAH0093401 to C:/Users/rlopezmachad/Documents/DOS\SAH0093401
2020-02-27 12:02:29,288 - INFO - Moving file C:/Users/rlopezmachad/Documents/UNO\SAH0106001wetransfer-fa143c.zip to C:/Users/rlopezmachad/Documents/DOS\zip\SAH0106001wetransfer-fa143c.zip
2020-02-27 12:02:29,292 - INFO - Moving file C:/Users/rlopezmachad/Documents/UNO\SATourismFreeWi-FiNetwork60HotspotsFinal.pdf to C:/Users/rlopezmachad/Documents/DOS\pdf\SATourismFreeWi-FiNetwork60HotspotsFinal.pdf
2020-02-27 12:02:29,296 - INFO - Moving file C:/Users/rlopezmachad/Documents/UNO\Sheryl-progress report notes.docx to C:/Users/rlopezmachad/Documents/DOS\docx\Sheryl-progress report notes.docx
2020-02-27 12:02:29,298 - INFO - Moving file C:/Users/rlopezmachad/Documents/UNO\Shock therapy.jpg to C:/Users/rlopezmachad/Documents/DOS\jpg\Shock therapy.jpg
2020-02-27 12:02:29,301 - INFO - Moving file C:/Users/rlopezmachad/Documents/UNO\solar_system_planets.PNG to C:/Users/rlopezmachad/Documents/DOS\png\solar_system_planets.PNG
2020-02-27 12:02:29,304 - INFO - Moving file C:/Users/rlopezmachad/Documents/UNO\SourceTreeSetup-3.2.6.exe to C:/Users/rlopezmachad/Documents/DOS\exe\SourceTreeSetup-3.2.6.exe
2020-02-27 12:02:29,307 - INFO - Moving file C:/Users/rlopezmachad/Documents/UNO\SQLToolbelt.exe to C:/Users/rlopezmachad/Documents/DOS\exe\SQLToolbelt.exe
2020-02-27 12:02:29,311 - INFO - Moving file C:/Users/rlopezmachad/Documents/UNO\SRP Week 5.pdf to C:/Users/rlopezmachad/Documents/DOS\pdf\SRP Week 5.pdf
2020-02-27 12:02:29,314 - INFO - Moving file C:/Users/rlopezmachad/Documents/UNO\SRP Week 6.pdf to C:/Users/rlopezmachad/Documents/DOS\pdf\SRP Week 6.pdf
2020-02-27 12:02:29,317 - INFO - Moving file C:/Users/rlopezmachad/Documents/UNO\SSMS-Setup-ENU.exe to C:/Users/rlopezmachad/Documents/DOS\exe\SSMS-Setup-ENU.exe
2020-02-27 12:02:29,320 - INFO - Moving file C:/Users/rlopezmachad/Documents/UNO\Sunsuper Investment Performance Nov 2019 - Super-Savings Accounts.PDF to C:/Users/rlopezmachad/Documents/DOS\pdf\Sunsuper Investment Performance Nov 2019 - Super-Savings Accounts.PDF
2020-02-27 12:02:29,324 - INFO - Moving file C:/Users/rlopezmachad/Documents/UNO\Test-Device-Layout-Configuration-WS1.xml to C:/Users/rlopezmachad/Documents/DOS\xml\Test-Device-Layout-Configuration-WS1.xml
2020-02-27 12:02:29,328 - INFO - Moving file C:/Users/rlopezmachad/Documents/UNO\Test-Device-Layout-Configuration.xml to C:/Users/rlopezmachad/Documents/DOS\xml\Test-Device-Layout-Configuration.xml
2020-02-27 12:02:29,330 - INFO - Moving file C:/Users/rlopezmachad/Documents/UNO\TF00000069.xlsx to C:/Users/rlopezmachad/Documents/DOS\xlsx\TF00000069.xlsx
2020-02-27 12:02:29,333 - INFO - Moving file C:/Users/rlopezmachad/Documents/UNO\The-ACS-Core-Body-of-Knowledge-for-ICT-Professionals-CBOK.pdf to C:/Users/rlopezmachad/Documents/DOS\pdf\The-ACS-Core-Body-of-Knowledge-for-ICT-Professionals-CBOK.pdf
2020-02-27 12:02:29,336 - INFO - Moving file C:/Users/rlopezmachad/Documents/UNO\ticketekordersummary.zip to C:/Users/rlopezmachad/Documents/DOS\zip\ticketekordersummary.zip
2020-02-27 12:02:29,338 - INFO - Moving file C:/Users/rlopezmachad/Documents/UNO\Topic Lecture Slides-20190725.zip to C:/Users/rlopezmachad/Documents/DOS\zip\Topic Lecture Slides-20190725.zip
2020-02-27 12:02:29,341 - INFO - Moving file C:/Users/rlopezmachad/Documents/UNO\Topic Lecture Slides-20190726.zip to C:/Users/rlopezmachad/Documents/DOS\zip\Topic Lecture Slides-20190726.zip
2020-02-27 12:02:29,345 - INFO - Moving file C:/Users/rlopezmachad/Documents/UNO\Topic Lecture Slides-20190810.zip to C:/Users/rlopezmachad/Documents/DOS\zip\Topic Lecture Slides-20190810.zip
2020-02-27 12:02:29,348 - INFO - Moving file C:/Users/rlopezmachad/Documents/UNO\Transactions.csv to C:/Users/rlopezmachad/Documents/DOS\csv\Transactions.csv
2020-02-27 12:02:29,351 - INFO - Moving file C:/Users/rlopezmachad/Documents/UNO\Unicorns in winter pp52-53.pdf to C:/Users/rlopezmachad/Documents/DOS\pdf\Unicorns in winter pp52-53.pdf
2020-02-27 12:02:29,354 - INFO - Moving file C:/Users/rlopezmachad/Documents/UNO\upskill_cs_boeing_1117.pdf to C:/Users/rlopezmachad/Documents/DOS\pdf\upskill_cs_boeing_1117.pdf
2020-02-27 12:02:29,357 - INFO - Moving file C:/Users/rlopezmachad/Documents/UNO\vault_1.1.3_windows_amd64.zip to C:/Users/rlopezmachad/Documents/DOS\zip\vault_1.1.3_windows_amd64.zip
2020-02-27 12:02:29,361 - INFO - Moving file C:/Users/rlopezmachad/Documents/UNO\VMware-Horizon-Client-5.1.0-14045148.exe to C:/Users/rlopezmachad/Documents/DOS\exe\VMware-Horizon-Client-5.1.0-14045148.exe
2020-02-27 12:02:29,364 - INFO - Moving file C:/Users/rlopezmachad/Documents/UNO\VMware-player-15.1.0-13591040.exe to C:/Users/rlopezmachad/Documents/DOS\exe\VMware-player-15.1.0-13591040.exe
2020-02-27 12:02:29,367 - INFO - Moving file C:/Users/rlopezmachad/Documents/UNO\VMware-workstation-full-15.1.0-13591040.exe to C:/Users/rlopezmachad/Documents/DOS\exe\VMware-workstation-full-15.1.0-13591040.exe
2020-02-27 12:02:29,369 - INFO - Moving file C:/Users/rlopezmachad/Documents/UNO\VSCodeUserSetup-x64-1.41.0.exe to C:/Users/rlopezmachad/Documents/DOS\exe\VSCodeUserSetup-x64-1.41.0.exe
2020-02-27 12:02:29,372 - INFO - Moving file C:/Users/rlopezmachad/Documents/UNO\vs_remotetools.exe to C:/Users/rlopezmachad/Documents/DOS\exe\vs_remotetools.exe
2020-02-27 12:02:29,376 - INFO - Moving file C:/Users/rlopezmachad/Documents/UNO\WCH - Transformed Devices and Status - 20191018.xlsx to C:/Users/rlopezmachad/Documents/DOS\xlsx\WCH - Transformed Devices and Status - 20191018.xlsx
2020-02-27 12:02:29,380 - INFO - Moving file C:/Users/rlopezmachad/Documents/UNO\WhatsApp Video 2019-11-29 at 3.18.39 PM.mp4 to C:/Users/rlopezmachad/Documents/DOS\mp4\WhatsApp Video 2019-11-29 at 3.18.39 PM.mp4
2020-02-27 12:02:29,383 - INFO - Moving file C:/Users/rlopezmachad/Documents/UNO\ZIP to C:/Users/rlopezmachad/Documents/DOS\ZIP
2020-02-27 12:02:35,989 - ERROR - File already exists in destination folder. Details : Cannot create a file when that file already exists
2020-02-27 12:02:35,991 - INFO - Moving file C:/Users/rlopezmachad/Documents/UNO\ZIP to C:/Users/rlopezmachad/Documents/DOS\ZIP
2020-02-27 12:02:35,992 - ERROR - File already exists in destination folder. Details : Cannot create a file when that file already exists
2020-02-27 12:02:35,994 - INFO - Moving file C:/Users/rlopezmachad/Documents/UNO\ZIP to C:/Users/rlopezmachad/Documents/DOS\ZIP
2020-02-27 12:02:35,996 - ERROR - File already exists in destination folder. Details : Cannot create a file when that file already exists
