2019-06-06 14:16:45.1924||INFO|Microsoft.AspNetCore.DataProtection.KeyManagement.XmlKeyManager|User profile is available. Using 'C:\Users\rlopezmachad\AppData\Local\ASP.NET\DataProtection-Keys' as key repository and Windows DPAPI to encrypt keys at rest. 
2019-06-06 14:16:46.9960|10403|INFO|Microsoft.EntityFrameworkCore.Infrastructure|Entity Framework Core 2.1.11-servicing-32099 initialized 'CityDbContext' using provider 'Microsoft.EntityFrameworkCore.SqlServer' with options: None 
2019-06-06 14:50:57.3949||INFO|Microsoft.AspNetCore.DataProtection.KeyManagement.XmlKeyManager|User profile is available. Using 'C:\Users\rlopezmachad\AppData\Local\ASP.NET\DataProtection-Keys' as key repository and Windows DPAPI to encrypt keys at rest. 
2019-06-06 14:50:59.0564|10403|INFO|Microsoft.EntityFrameworkCore.Infrastructure|Entity Framework Core 2.1.11-servicing-32099 initialized 'CityDbContext' using provider 'Microsoft.EntityFrameworkCore.SqlServer' with options: None 
2019-06-06 14:50:59.5353|20101|INFO|Microsoft.EntityFrameworkCore.Database.Command|Executed DbCommand (96ms) [Parameters=[], CommandType='Text', CommandTimeout='30']
IF EXISTS (SELECT * FROM INFORMATION_SCHEMA.TABLES WHERE TABLE_TYPE = 'BASE TABLE') SELECT 1 ELSE SELECT 0 
2019-06-06 14:51:00.0129|20101|INFO|Microsoft.EntityFrameworkCore.Database.Command|Executed DbCommand (44ms) [Parameters=[], CommandType='Text', CommandTimeout='30']
SELECT CASE
    WHEN EXISTS (
        SELECT 1
        FROM [City] AS [c])
    THEN CAST(1 AS BIT) ELSE CAST(0 AS BIT)
END 
2019-06-06 14:51:01.0407|1|INFO|Microsoft.AspNetCore.Hosting.Internal.WebHost|Request starting HTTP/1.1 DEBUG http://localhost:58742/  0 
2019-06-06 14:51:01.1630|2|INFO|Microsoft.AspNetCore.Hosting.Internal.WebHost|Request finished in 119.9275ms 200  
2019-06-06 14:51:34.5947|1|INFO|Microsoft.AspNetCore.Hosting.Internal.WebHost|Request starting HTTP/1.1 GET http://localhost:44387/api/cities/0/   
2019-06-06 14:51:35.0952|1|INFO|Microsoft.AspNetCore.Mvc.Internal.ControllerActionInvoker|Route matched with {action = "GetCities", controller = "Cities"}. Executing action CityInfo.API.Controller.CitiesController.GetCities (CityInfo.API) 
2019-06-06 14:51:35.2217|1|INFO|Microsoft.AspNetCore.Mvc.Internal.ControllerActionInvoker|Executing action method CityInfo.API.Controller.CitiesController.GetCities (CityInfo.API) with arguments (0) - Validation state: Valid 
2019-06-06 14:54:23.7802||INFO|Microsoft.AspNetCore.DataProtection.KeyManagement.XmlKeyManager|User profile is available. Using 'C:\Users\rlopezmachad\AppData\Local\ASP.NET\DataProtection-Keys' as key repository and Windows DPAPI to encrypt keys at rest. 
2019-06-06 14:54:25.5062|10403|INFO|Microsoft.EntityFrameworkCore.Infrastructure|Entity Framework Core 2.1.11-servicing-32099 initialized 'CityDbContext' using provider 'Microsoft.EntityFrameworkCore.SqlServer' with options: None 
2019-06-06 14:54:27.0552|20101|INFO|Microsoft.EntityFrameworkCore.Database.Command|Executed DbCommand (979ms) [Parameters=[], CommandType='Text', CommandTimeout='30']
IF EXISTS (SELECT * FROM INFORMATION_SCHEMA.TABLES WHERE TABLE_TYPE = 'BASE TABLE') SELECT 1 ELSE SELECT 0 
2019-06-06 14:54:27.7238|20101|INFO|Microsoft.EntityFrameworkCore.Database.Command|Executed DbCommand (273ms) [Parameters=[], CommandType='Text', CommandTimeout='30']
SELECT CASE
    WHEN EXISTS (
        SELECT 1
        FROM [City] AS [c])
    THEN CAST(1 AS BIT) ELSE CAST(0 AS BIT)
END 
2019-06-06 14:54:28.4915|1|INFO|Microsoft.AspNetCore.Hosting.Internal.WebHost|Request starting HTTP/1.1 DEBUG http://localhost:58742/  0 
2019-06-06 14:54:28.5524|2|INFO|Microsoft.AspNetCore.Hosting.Internal.WebHost|Request finished in 59.0676ms 200  
2019-06-06 14:56:07.8946|1|INFO|Microsoft.AspNetCore.Hosting.Internal.WebHost|Request starting HTTP/1.1 GET http://localhost:44387/api/cities/0/   
2019-06-06 14:56:08.2217|1|INFO|Microsoft.AspNetCore.Mvc.Internal.ControllerActionInvoker|Route matched with {action = "GetCities", controller = "Cities"}. Executing action CityInfo.API.Controller.CitiesController.GetCities (CityInfo.API) 
2019-06-06 14:56:08.3395|1|INFO|Microsoft.AspNetCore.Mvc.Internal.ControllerActionInvoker|Executing action method CityInfo.API.Controller.CitiesController.GetCities (CityInfo.API) with arguments (0) - Validation state: Valid 
2019-06-06 14:57:10.5933||INFO|Microsoft.AspNetCore.DataProtection.KeyManagement.XmlKeyManager|User profile is available. Using 'C:\Users\rlopezmachad\AppData\Local\ASP.NET\DataProtection-Keys' as key repository and Windows DPAPI to encrypt keys at rest. 
2019-06-06 14:57:11.9448|10403|INFO|Microsoft.EntityFrameworkCore.Infrastructure|Entity Framework Core 2.1.11-servicing-32099 initialized 'CityDbContext' using provider 'Microsoft.EntityFrameworkCore.SqlServer' with options: None 
2019-06-06 14:57:13.4046|20101|INFO|Microsoft.EntityFrameworkCore.Database.Command|Executed DbCommand (420ms) [Parameters=[], CommandType='Text', CommandTimeout='30']
IF EXISTS (SELECT * FROM INFORMATION_SCHEMA.TABLES WHERE TABLE_TYPE = 'BASE TABLE') SELECT 1 ELSE SELECT 0 
2019-06-06 14:57:14.2406|20101|INFO|Microsoft.EntityFrameworkCore.Database.Command|Executed DbCommand (364ms) [Parameters=[], CommandType='Text', CommandTimeout='30']
SELECT CASE
    WHEN EXISTS (
        SELECT 1
        FROM [City] AS [c])
    THEN CAST(1 AS BIT) ELSE CAST(0 AS BIT)
END 
2019-06-06 14:57:14.9816|1|INFO|Microsoft.AspNetCore.Hosting.Internal.WebHost|Request starting HTTP/1.1 DEBUG http://localhost:58742/  0 
2019-06-06 14:57:15.0402|2|INFO|Microsoft.AspNetCore.Hosting.Internal.WebHost|Request finished in 57.5964ms 200  
2019-06-06 14:57:22.9989|1|INFO|Microsoft.AspNetCore.Hosting.Internal.WebHost|Request starting HTTP/1.1 GET http://localhost:44387/api/cities/0/   
2019-06-06 14:57:23.3172|1|INFO|Microsoft.AspNetCore.Mvc.Internal.ControllerActionInvoker|Route matched with {action = "GetCities", controller = "Cities"}. Executing action CityInfo.API.Controller.CitiesController.GetCities (CityInfo.API) 
2019-06-06 14:57:23.3363|10403|INFO|Microsoft.EntityFrameworkCore.Infrastructure|Entity Framework Core 2.1.11-servicing-32099 initialized 'CityDbContext' using provider 'Microsoft.EntityFrameworkCore.SqlServer' with options: None 
2019-06-06 14:57:23.9206|20101|INFO|Microsoft.EntityFrameworkCore.Database.Command|Executed DbCommand (545ms) [Parameters=[], CommandType='Text', CommandTimeout='30']
IF EXISTS (SELECT * FROM INFORMATION_SCHEMA.TABLES WHERE TABLE_TYPE = 'BASE TABLE') SELECT 1 ELSE SELECT 0 
2019-06-06 14:57:24.0280|1|INFO|Microsoft.AspNetCore.Mvc.Internal.ControllerActionInvoker|Executing action method CityInfo.API.Controller.CitiesController.GetCities (CityInfo.API) with arguments (0) - Validation state: Valid 
2019-06-06 14:57:24.3079|20101|INFO|Microsoft.EntityFrameworkCore.Database.Command|Executed DbCommand (93ms) [Parameters=[@__cityId_0='?' (DbType = Int32)], CommandType='Text', CommandTimeout='30']
SELECT TOP(1) [c].[CityId], [c].[CityDescription], [c].[CityName]
FROM [City] AS [c]
WHERE [c].[CityId] = @__cityId_0 
2019-06-06 14:57:24.3079|2|INFO|Microsoft.AspNetCore.Mvc.Internal.ControllerActionInvoker|Executed action method CityInfo.API.Controller.CitiesController.GetCities (CityInfo.API), returned result Microsoft.AspNetCore.Mvc.OkObjectResult in 285.9026ms. 
2019-06-06 14:57:24.3328|1|INFO|Microsoft.AspNetCore.Mvc.Infrastructure.ObjectResultExecutor|Executing ObjectResult, writing value of type 'Microsoft.AspNetCore.Mvc.JsonResult'. 
2019-06-06 14:57:24.4529|2|INFO|Microsoft.AspNetCore.Mvc.Internal.ControllerActionInvoker|Executed action CityInfo.API.Controller.CitiesController.GetCities (CityInfo.API) in 1130.4237ms 
2019-06-06 14:57:24.4529|2|INFO|Microsoft.AspNetCore.Hosting.Internal.WebHost|Request finished in 1460.9233ms 200 application/json; charset=utf-8 
2019-06-06 14:57:57.0197||INFO|Microsoft.AspNetCore.DataProtection.KeyManagement.XmlKeyManager|User profile is available. Using 'C:\Users\rlopezmachad\AppData\Local\ASP.NET\DataProtection-Keys' as key repository and Windows DPAPI to encrypt keys at rest. 
2019-06-06 14:57:58.4488|10403|INFO|Microsoft.EntityFrameworkCore.Infrastructure|Entity Framework Core 2.1.11-servicing-32099 initialized 'CityDbContext' using provider 'Microsoft.EntityFrameworkCore.SqlServer' with options: None 
2019-06-06 14:57:59.5220|20101|INFO|Microsoft.EntityFrameworkCore.Database.Command|Executed DbCommand (686ms) [Parameters=[], CommandType='Text', CommandTimeout='30']
IF EXISTS (SELECT * FROM INFORMATION_SCHEMA.TABLES WHERE TABLE_TYPE = 'BASE TABLE') SELECT 1 ELSE SELECT 0 
2019-06-06 14:58:05.3396|20101|INFO|Microsoft.EntityFrameworkCore.Database.Command|Executed DbCommand (357ms) [Parameters=[], CommandType='Text', CommandTimeout='30']
SELECT CASE
    WHEN EXISTS (
        SELECT 1
        FROM [City] AS [c])
    THEN CAST(1 AS BIT) ELSE CAST(0 AS BIT)
END 
2019-06-06 14:58:20.6329|20101|INFO|Microsoft.EntityFrameworkCore.Database.Command|Executed DbCommand (4ms) [Parameters=[], CommandType='Text', CommandTimeout='30']
SELECT [c].[CityId], [c].[CityDescription], [c].[CityName]
FROM [City] AS [c] 
2019-06-06 14:59:28.1375|1|INFO|Microsoft.AspNetCore.Hosting.Internal.WebHost|Request starting HTTP/1.1 DEBUG http://localhost:58742/  0 
2019-06-06 14:59:28.1375|1|INFO|Microsoft.AspNetCore.Hosting.Internal.WebHost|Request starting HTTP/1.1 GET http://localhost:44387/api/cities/9/   
2019-06-06 14:59:28.2172|2|INFO|Microsoft.AspNetCore.Hosting.Internal.WebHost|Request finished in 77.3398ms 200  
2019-06-06 14:59:28.5213|1|INFO|Microsoft.AspNetCore.Mvc.Internal.ControllerActionInvoker|Route matched with {action = "GetCities", controller = "Cities"}. Executing action CityInfo.API.Controller.CitiesController.GetCities (CityInfo.API) 
2019-06-06 14:59:28.5326|10403|INFO|Microsoft.EntityFrameworkCore.Infrastructure|Entity Framework Core 2.1.11-servicing-32099 initialized 'CityDbContext' using provider 'Microsoft.EntityFrameworkCore.SqlServer' with options: None 
2019-06-06 14:59:29.1648|20101|INFO|Microsoft.EntityFrameworkCore.Database.Command|Executed DbCommand (595ms) [Parameters=[], CommandType='Text', CommandTimeout='30']
IF EXISTS (SELECT * FROM INFORMATION_SCHEMA.TABLES WHERE TABLE_TYPE = 'BASE TABLE') SELECT 1 ELSE SELECT 0 
2019-06-06 14:59:29.2678|1|INFO|Microsoft.AspNetCore.Mvc.Internal.ControllerActionInvoker|Executing action method CityInfo.API.Controller.CitiesController.GetCities (CityInfo.API) with arguments (9) - Validation state: Valid 
2019-06-06 14:59:29.6179|20101|INFO|Microsoft.EntityFrameworkCore.Database.Command|Executed DbCommand (187ms) [Parameters=[@__cityId_0='?' (DbType = Int32)], CommandType='Text', CommandTimeout='30']
SELECT TOP(1) [c].[CityId], [c].[CityDescription], [c].[CityName]
FROM [City] AS [c]
WHERE [c].[CityId] = @__cityId_0 
2019-06-06 14:59:29.6284|2|INFO|Microsoft.AspNetCore.Mvc.Internal.ControllerActionInvoker|Executed action method CityInfo.API.Controller.CitiesController.GetCities (CityInfo.API), returned result Microsoft.AspNetCore.Mvc.OkObjectResult in 353.849ms. 
2019-06-06 14:59:29.6464|1|INFO|Microsoft.AspNetCore.Mvc.Infrastructure.ObjectResultExecutor|Executing ObjectResult, writing value of type 'Microsoft.AspNetCore.Mvc.JsonResult'. 
2019-06-06 14:59:29.7473|2|INFO|Microsoft.AspNetCore.Mvc.Internal.ControllerActionInvoker|Executed action CityInfo.API.Controller.CitiesController.GetCities (CityInfo.API) in 1217.7581ms 
2019-06-06 14:59:29.7473|2|INFO|Microsoft.AspNetCore.Hosting.Internal.WebHost|Request finished in 1620.5207ms 200 application/json; charset=utf-8 
2019-06-06 15:00:25.2644|1|INFO|Microsoft.AspNetCore.Hosting.Internal.WebHost|Request starting HTTP/1.1 GET http://localhost:44387/api/cities/0   
2019-06-06 15:00:25.2807|1|INFO|Microsoft.AspNetCore.Mvc.Internal.ControllerActionInvoker|Route matched with {action = "GetCities", controller = "Cities"}. Executing action CityInfo.API.Controller.CitiesController.GetCities (CityInfo.API) 
2019-06-06 15:00:25.2807|10403|INFO|Microsoft.EntityFrameworkCore.Infrastructure|Entity Framework Core 2.1.11-servicing-32099 initialized 'CityDbContext' using provider 'Microsoft.EntityFrameworkCore.SqlServer' with options: None 
2019-06-06 15:00:25.7501|20101|INFO|Microsoft.EntityFrameworkCore.Database.Command|Executed DbCommand (464ms) [Parameters=[], CommandType='Text', CommandTimeout='30']
IF EXISTS (SELECT * FROM INFORMATION_SCHEMA.TABLES WHERE TABLE_TYPE = 'BASE TABLE') SELECT 1 ELSE SELECT 0 
2019-06-06 15:00:25.7757|1|INFO|Microsoft.AspNetCore.Mvc.Internal.ControllerActionInvoker|Executing action method CityInfo.API.Controller.CitiesController.GetCities (CityInfo.API) with arguments (0) - Validation state: Valid 
2019-06-06 15:00:25.8136|20101|INFO|Microsoft.EntityFrameworkCore.Database.Command|Executed DbCommand (29ms) [Parameters=[@__cityId_0='?' (DbType = Int32)], CommandType='Text', CommandTimeout='30']
SELECT TOP(1) [c].[CityId], [c].[CityDescription], [c].[CityName]
FROM [City] AS [c]
WHERE [c].[CityId] = @__cityId_0 
2019-06-06 15:00:25.8136|2|INFO|Microsoft.AspNetCore.Mvc.Internal.ControllerActionInvoker|Executed action method CityInfo.API.Controller.CitiesController.GetCities (CityInfo.API), returned result Microsoft.AspNetCore.Mvc.OkObjectResult in 37.9007ms. 
2019-06-06 15:00:25.8136|1|INFO|Microsoft.AspNetCore.Mvc.Infrastructure.ObjectResultExecutor|Executing ObjectResult, writing value of type 'Microsoft.AspNetCore.Mvc.JsonResult'. 
2019-06-06 15:00:25.8136|2|INFO|Microsoft.AspNetCore.Mvc.Internal.ControllerActionInvoker|Executed action CityInfo.API.Controller.CitiesController.GetCities (CityInfo.API) in 537.3495ms 
2019-06-06 15:00:25.8136|2|INFO|Microsoft.AspNetCore.Hosting.Internal.WebHost|Request finished in 557.8162ms 200 application/json; charset=utf-8 
2019-06-06 15:00:47.7989|1|INFO|Microsoft.AspNetCore.Hosting.Internal.WebHost|Request starting HTTP/1.1 GET http://localhost:44387/api/cities/0   
2019-06-06 15:00:47.8158|1|INFO|Microsoft.AspNetCore.Mvc.Internal.ControllerActionInvoker|Route matched with {action = "GetCities", controller = "Cities"}. Executing action CityInfo.API.Controller.CitiesController.GetCities (CityInfo.API) 
2019-06-06 15:00:47.8500|10403|INFO|Microsoft.EntityFrameworkCore.Infrastructure|Entity Framework Core 2.1.11-servicing-32099 initialized 'CityDbContext' using provider 'Microsoft.EntityFrameworkCore.SqlServer' with options: None 
2019-06-06 15:00:48.3186|20101|INFO|Microsoft.EntityFrameworkCore.Database.Command|Executed DbCommand (464ms) [Parameters=[], CommandType='Text', CommandTimeout='30']
IF EXISTS (SELECT * FROM INFORMATION_SCHEMA.TABLES WHERE TABLE_TYPE = 'BASE TABLE') SELECT 1 ELSE SELECT 0 
2019-06-06 15:00:48.3454|1|INFO|Microsoft.AspNetCore.Mvc.Internal.ControllerActionInvoker|Executing action method CityInfo.API.Controller.CitiesController.GetCities (CityInfo.API) with arguments (0) - Validation state: Valid 
2019-06-06 15:00:48.4284|20101|INFO|Microsoft.EntityFrameworkCore.Database.Command|Executed DbCommand (80ms) [Parameters=[@__cityId_0='?' (DbType = Int32)], CommandType='Text', CommandTimeout='30']
SELECT TOP(1) [c].[CityId], [c].[CityDescription], [c].[CityName]
FROM [City] AS [c]
WHERE [c].[CityId] = @__cityId_0 
2019-06-06 15:00:48.4284|2|INFO|Microsoft.AspNetCore.Mvc.Internal.ControllerActionInvoker|Executed action method CityInfo.API.Controller.CitiesController.GetCities (CityInfo.API), returned result Microsoft.AspNetCore.Mvc.OkObjectResult in 83.4481ms. 
2019-06-06 15:00:48.4328|1|INFO|Microsoft.AspNetCore.Mvc.Infrastructure.ObjectResultExecutor|Executing ObjectResult, writing value of type 'Microsoft.AspNetCore.Mvc.JsonResult'. 
2019-06-06 15:00:48.4328|2|INFO|Microsoft.AspNetCore.Mvc.Internal.ControllerActionInvoker|Executed action CityInfo.API.Controller.CitiesController.GetCities (CityInfo.API) in 586.6329ms 
2019-06-06 15:00:48.4328|2|INFO|Microsoft.AspNetCore.Hosting.Internal.WebHost|Request finished in 639.4505ms 200 application/json; charset=utf-8 
2019-06-06 15:01:05.5463|1|INFO|Microsoft.AspNetCore.Hosting.Internal.WebHost|Request starting HTTP/1.1 GET http://localhost:44387/api/cities   
2019-06-06 15:01:05.5647|1|INFO|Microsoft.AspNetCore.Mvc.Internal.ControllerActionInvoker|Route matched with {action = "GetCities", controller = "Cities"}. Executing action CityInfo.API.Controller.CitiesController.GetCities (CityInfo.API) 
2019-06-06 15:01:05.5647|10403|INFO|Microsoft.EntityFrameworkCore.Infrastructure|Entity Framework Core 2.1.11-servicing-32099 initialized 'CityDbContext' using provider 'Microsoft.EntityFrameworkCore.SqlServer' with options: None 
2019-06-06 15:01:06.0239|20101|INFO|Microsoft.EntityFrameworkCore.Database.Command|Executed DbCommand (452ms) [Parameters=[], CommandType='Text', CommandTimeout='30']
IF EXISTS (SELECT * FROM INFORMATION_SCHEMA.TABLES WHERE TABLE_TYPE = 'BASE TABLE') SELECT 1 ELSE SELECT 0 
2019-06-06 15:01:06.0556|1|INFO|Microsoft.AspNetCore.Mvc.Internal.ControllerActionInvoker|Executing action method CityInfo.API.Controller.CitiesController.GetCities (CityInfo.API) - Validation state: Valid 
2019-06-06 15:01:08.2620|20101|INFO|Microsoft.EntityFrameworkCore.Database.Command|Executed DbCommand (71ms) [Parameters=[], CommandType='Text', CommandTimeout='30']
SELECT [c].[CityId], [c].[CityDescription], [c].[CityName]
FROM [City] AS [c] 
2019-06-06 15:01:08.2620|2|INFO|Microsoft.AspNetCore.Mvc.Internal.ControllerActionInvoker|Executed action method CityInfo.API.Controller.CitiesController.GetCities (CityInfo.API), returned result Microsoft.AspNetCore.Mvc.OkObjectResult in 2207.1767ms. 
2019-06-06 15:01:08.2620|1|INFO|Microsoft.AspNetCore.Mvc.Infrastructure.ObjectResultExecutor|Executing ObjectResult, writing value of type 'Microsoft.AspNetCore.Mvc.JsonResult'. 
2019-06-06 15:01:08.2620|2|INFO|Microsoft.AspNetCore.Mvc.Internal.ControllerActionInvoker|Executed action CityInfo.API.Controller.CitiesController.GetCities (CityInfo.API) in 2707.3273ms 
2019-06-06 15:01:08.2768|2|INFO|Microsoft.AspNetCore.Hosting.Internal.WebHost|Request finished in 2730.449ms 200 application/json; charset=utf-8 
