2019-05-28 15:03:13.5472||INFO|Microsoft.AspNetCore.DataProtection.KeyManagement.XmlKeyManager|User profile is available. Using 'C:\Users\rlopezmachad\AppData\Local\ASP.NET\DataProtection-Keys' as key repository and Windows DPAPI to encrypt keys at rest. 
2019-05-28 15:03:14.6356|1|INFO|Microsoft.AspNetCore.Hosting.Internal.WebHost|Request starting HTTP/1.1 DEBUG http://localhost:58742/  0 
2019-05-28 15:03:14.7198|2|INFO|Microsoft.AspNetCore.Hosting.Internal.WebHost|Request finished in 81.9589ms 200  
2019-05-28 15:04:52.3769||INFO|Microsoft.AspNetCore.DataProtection.KeyManagement.XmlKeyManager|User profile is available. Using 'C:\Users\rlopezmachad\AppData\Local\ASP.NET\DataProtection-Keys' as key repository and Windows DPAPI to encrypt keys at rest. 
2019-05-28 15:04:53.4676|1|INFO|Microsoft.AspNetCore.Hosting.Internal.WebHost|Request starting HTTP/1.1 DEBUG http://localhost:58742/  0 
2019-05-28 15:04:53.5395|2|INFO|Microsoft.AspNetCore.Hosting.Internal.WebHost|Request finished in 70.2183ms 200  
2019-05-28 15:04:53.8317|1|INFO|Microsoft.AspNetCore.Hosting.Internal.WebHost|Request starting HTTP/1.1 DELETE http://localhost:44387/api/cities/0/pointofinterest/2333  0 
2019-05-28 15:04:54.1942|1|INFO|Microsoft.AspNetCore.Mvc.Internal.ControllerActionInvoker|Route matched with {action = "DeletePointOfInterest", controller = "PointOfInterest"}. Executing action CityInfo.API.Controller.PointOfInterestController.DeletePointOfInterest (CityInfo.API) 
2019-05-28 15:04:54.2050||DEBUG|CityInfo.API.Controller.PointOfInterestController|Blah !!! 
2019-05-28 15:04:54.2050||INFO|CityInfo.API.Controller.PointOfInterestController|Bummm!! .. I've just injected ILogger to this controller !!! 
2019-05-28 15:04:54.3349|1|INFO|Microsoft.AspNetCore.Mvc.Internal.ControllerActionInvoker|Executing action method CityInfo.API.Controller.PointOfInterestController.DeletePointOfInterest (CityInfo.API) with arguments (0, 2333) - Validation state: Valid 
2019-05-28 15:04:54.3349||INFO|CityInfo.API.Controller.PointOfInterestController|Hello, this is DeletePointOfInterest 
2019-05-28 15:04:54.4185||ERROR|CityInfo.API.Controller.PointOfInterestController|Point of interest not found for id 2333 
2019-05-28 15:04:54.4264|2|INFO|Microsoft.AspNetCore.Mvc.Internal.ControllerActionInvoker|Executed action method CityInfo.API.Controller.PointOfInterestController.DeletePointOfInterest (CityInfo.API), returned result Microsoft.AspNetCore.Mvc.BadRequestObjectResult in 85.9231ms. 
2019-05-28 15:04:54.4392|1|INFO|Microsoft.AspNetCore.Mvc.Infrastructure.ObjectResultExecutor|Executing ObjectResult, writing value of type 'System.String'. 
2019-05-28 15:04:54.4392|2|INFO|Microsoft.AspNetCore.Mvc.Internal.ControllerActionInvoker|Executed action CityInfo.API.Controller.PointOfInterestController.DeletePointOfInterest (CityInfo.API) in 248.9783ms 
2019-05-28 15:04:54.5252|2|INFO|Microsoft.AspNetCore.Hosting.Internal.WebHost|Request finished in 693.6392ms 400 text/plain; charset=utf-8 
2019-05-28 15:16:18.8268||INFO|Microsoft.AspNetCore.DataProtection.KeyManagement.XmlKeyManager|User profile is available. Using 'C:\Users\rlopezmachad\AppData\Local\ASP.NET\DataProtection-Keys' as key repository and Windows DPAPI to encrypt keys at rest. 
2019-05-28 15:16:19.8675|1|INFO|Microsoft.AspNetCore.Hosting.Internal.WebHost|Request starting HTTP/1.1 DEBUG http://localhost:58742/  0 
2019-05-28 15:16:19.9601|2|INFO|Microsoft.AspNetCore.Hosting.Internal.WebHost|Request finished in 90.9106ms 200  
2019-05-28 15:16:23.4625|1|INFO|Microsoft.AspNetCore.Hosting.Internal.WebHost|Request starting HTTP/1.1 DELETE http://localhost:44387/api/cities/0/pointofinterest/2333  0 
2019-05-28 15:16:24.1515|1|INFO|Microsoft.AspNetCore.Mvc.Internal.ControllerActionInvoker|Route matched with {action = "DeletePointOfInterest", controller = "PointOfInterest"}. Executing action CityInfo.API.Controller.PointOfInterestController.DeletePointOfInterest (CityInfo.API) 
2019-05-28 15:16:24.1599||DEBUG|CityInfo.API.Controller.PointOfInterestController|Blah !!! 
2019-05-28 15:16:24.1599||INFO|CityInfo.API.Controller.PointOfInterestController|Bummm!! .. I've just injected ILogger to this controller !!! 
2019-05-28 15:16:24.2873|1|INFO|Microsoft.AspNetCore.Mvc.Internal.ControllerActionInvoker|Executing action method CityInfo.API.Controller.PointOfInterestController.DeletePointOfInterest (CityInfo.API) with arguments (0, 2333) - Validation state: Valid 
2019-05-28 15:16:24.2873||INFO|CityInfo.API.Controller.PointOfInterestController|Hello, this is DeletePointOfInterest 
2019-05-28 15:16:24.3673||ERROR|CityInfo.API.Controller.PointOfInterestController|Point of interest not found for id 2333 
2019-05-28 15:16:24.3751|2|INFO|Microsoft.AspNetCore.Mvc.Internal.ControllerActionInvoker|Executed action method CityInfo.API.Controller.PointOfInterestController.DeletePointOfInterest (CityInfo.API), returned result Microsoft.AspNetCore.Mvc.BadRequestObjectResult in 82.3118ms. 
2019-05-28 15:16:24.3751|1|INFO|Microsoft.AspNetCore.Mvc.Infrastructure.ObjectResultExecutor|Executing ObjectResult, writing value of type 'System.String'. 
2019-05-28 15:16:24.3991|2|INFO|Microsoft.AspNetCore.Mvc.Internal.ControllerActionInvoker|Executed action CityInfo.API.Controller.PointOfInterestController.DeletePointOfInterest (CityInfo.API) in 243.3731ms 
2019-05-28 15:16:24.3991|2|INFO|Microsoft.AspNetCore.Hosting.Internal.WebHost|Request finished in 941.7834ms 400 text/plain; charset=utf-8 
