2019-05-29 09:30:00.3125||INFO|Microsoft.AspNetCore.DataProtection.KeyManagement.XmlKeyManager|User profile is available. Using 'C:\Users\rlopezmachad\AppData\Local\ASP.NET\DataProtection-Keys' as key repository and Windows DPAPI to encrypt keys at rest. 
2019-05-29 09:30:02.6048|1|INFO|Microsoft.AspNetCore.Hosting.Internal.WebHost|Request starting HTTP/1.1 DEBUG http://localhost:58742/  0 
2019-05-29 09:30:02.7686|2|INFO|Microsoft.AspNetCore.Hosting.Internal.WebHost|Request finished in 159.1838ms 200  
2019-05-29 09:30:03.4709|1|INFO|Microsoft.AspNetCore.Hosting.Internal.WebHost|Request starting HTTP/1.1 GET http://localhost:44387/api/cities/0   
2019-05-29 09:30:04.2062|1|INFO|Microsoft.AspNetCore.Mvc.Internal.ControllerActionInvoker|Route matched with {action = "GetCities", controller = "Cities"}. Executing action CityInfo.API.Controller.CitiesController.GetCities (CityInfo.API) 
2019-05-29 09:30:04.3555|1|INFO|Microsoft.AspNetCore.Mvc.Internal.ControllerActionInvoker|Executing action method CityInfo.API.Controller.CitiesController.GetCities (CityInfo.API) with arguments (0) - Validation state: Valid 
2019-05-29 09:30:04.4835|2|INFO|Microsoft.AspNetCore.Mvc.Internal.ControllerActionInvoker|Executed action method CityInfo.API.Controller.CitiesController.GetCities (CityInfo.API), returned result Microsoft.AspNetCore.Mvc.OkObjectResult in 122.8168ms. 
2019-05-29 09:30:04.5045|1|INFO|Microsoft.AspNetCore.Mvc.Infrastructure.ObjectResultExecutor|Executing ObjectResult, writing value of type 'Microsoft.AspNetCore.Mvc.JsonResult'. 
2019-05-29 09:30:04.5519|2|INFO|Microsoft.AspNetCore.Mvc.Internal.ControllerActionInvoker|Executed action CityInfo.API.Controller.CitiesController.GetCities (CityInfo.API) in 339.8643ms 
2019-05-29 09:30:04.5519|2|INFO|Microsoft.AspNetCore.Hosting.Internal.WebHost|Request finished in 1089.838ms 200 application/json; charset=utf-8 
2019-05-29 10:23:34.6131||INFO|Microsoft.AspNetCore.DataProtection.KeyManagement.XmlKeyManager|User profile is available. Using 'C:\Users\rlopezmachad\AppData\Local\ASP.NET\DataProtection-Keys' as key repository and Windows DPAPI to encrypt keys at rest. 
2019-05-29 10:23:35.8598|1|INFO|Microsoft.AspNetCore.Hosting.Internal.WebHost|Request starting HTTP/1.1 DEBUG http://localhost:58742/  0 
2019-05-29 10:23:35.9429|2|INFO|Microsoft.AspNetCore.Hosting.Internal.WebHost|Request finished in 82.1067ms 200  
2019-05-29 10:25:12.4874||INFO|Microsoft.AspNetCore.DataProtection.KeyManagement.XmlKeyManager|User profile is available. Using 'C:\Users\rlopezmachad\AppData\Local\ASP.NET\DataProtection-Keys' as key repository and Windows DPAPI to encrypt keys at rest. 
2019-05-29 10:25:13.4589|1|INFO|Microsoft.AspNetCore.Hosting.Internal.WebHost|Request starting HTTP/1.1 DEBUG http://localhost:58742/  0 
2019-05-29 10:25:13.5268|2|INFO|Microsoft.AspNetCore.Hosting.Internal.WebHost|Request finished in 59.3086ms 200  
2019-05-29 10:26:17.6819|1|INFO|Microsoft.AspNetCore.Hosting.Internal.WebHost|Request starting HTTP/1.1 GET http://localhost:44387/api/DUmmy   
2019-05-29 10:26:18.2461|1|INFO|Microsoft.AspNetCore.Mvc.Internal.ControllerActionInvoker|Route matched with {action = "GetDummy", controller = "DUmmy"}. Executing action CityInfo.API.Controller.DUmmyController.GetDummy (CityInfo.API) 
2019-05-29 10:26:18.8523|1|INFO|Microsoft.AspNetCore.Mvc.Internal.ControllerActionInvoker|Executing action method CityInfo.API.Controller.DUmmyController.GetDummy (CityInfo.API) - Validation state: Valid 
2019-05-29 10:26:22.1490|2|INFO|Microsoft.AspNetCore.Mvc.Internal.ControllerActionInvoker|Executed action method CityInfo.API.Controller.DUmmyController.GetDummy (CityInfo.API), returned result Microsoft.AspNetCore.Mvc.OkResult in 3289.1693ms. 
2019-05-29 10:26:22.1827|1|INFO|Microsoft.AspNetCore.Mvc.StatusCodeResult|Executing HttpStatusCodeResult, setting HTTP status code 200 
2019-05-29 10:26:22.1930|2|INFO|Microsoft.AspNetCore.Mvc.Internal.ControllerActionInvoker|Executed action CityInfo.API.Controller.DUmmyController.GetDummy (CityInfo.API) in 3938.225ms 
2019-05-29 10:26:22.2033|2|INFO|Microsoft.AspNetCore.Hosting.Internal.WebHost|Request finished in 4521.4353ms 200  
2019-05-29 10:29:34.5095|1|INFO|Microsoft.AspNetCore.Hosting.Internal.WebHost|Request starting HTTP/1.1 GET http://localhost:44387/api/DUmmy   
2019-05-29 10:29:34.5276|1|INFO|Microsoft.AspNetCore.Mvc.Internal.ControllerActionInvoker|Route matched with {action = "GetDummy", controller = "DUmmy"}. Executing action CityInfo.API.Controller.DUmmyController.GetDummy (CityInfo.API) 
2019-05-29 10:29:34.5739|1|INFO|Microsoft.AspNetCore.Mvc.Internal.ControllerActionInvoker|Executing action method CityInfo.API.Controller.DUmmyController.GetDummy (CityInfo.API) - Validation state: Valid 
2019-05-29 10:29:40.2998|10403|INFO|Microsoft.EntityFrameworkCore.Infrastructure|Entity Framework Core 2.1.11-servicing-32099 initialized 'CityDbContext' using provider 'Microsoft.EntityFrameworkCore.SqlServer' with options: None 
2019-05-29 10:51:11.9795|2|INFO|Microsoft.AspNetCore.Mvc.Internal.ControllerActionInvoker|Executed action method CityInfo.API.Controller.DUmmyController.GetDummy (CityInfo.API), returned result Microsoft.AspNetCore.Mvc.OkResult in 1297331.8462ms. 
2019-05-29 10:51:11.9932|1|INFO|Microsoft.AspNetCore.Mvc.StatusCodeResult|Executing HttpStatusCodeResult, setting HTTP status code 200 
2019-05-29 10:51:12.0001|2|INFO|Microsoft.AspNetCore.Mvc.Internal.ControllerActionInvoker|Executed action CityInfo.API.Controller.DUmmyController.GetDummy (CityInfo.API) in 1297460.2965ms 
2019-05-29 10:51:12.0504|2|INFO|Microsoft.AspNetCore.Hosting.Internal.WebHost|Request finished in 1297541.1305ms 200  
2019-05-29 11:00:59.7442||INFO|Microsoft.AspNetCore.DataProtection.KeyManagement.XmlKeyManager|User profile is available. Using 'C:\Users\rlopezmachad\AppData\Local\ASP.NET\DataProtection-Keys' as key repository and Windows DPAPI to encrypt keys at rest. 
2019-05-29 11:01:01.3346|1|INFO|Microsoft.AspNetCore.Hosting.Internal.WebHost|Request starting HTTP/1.1 DEBUG http://localhost:58742/  0 
2019-05-29 11:01:01.4239|2|INFO|Microsoft.AspNetCore.Hosting.Internal.WebHost|Request finished in 87.3014ms 200  
2019-05-29 11:03:04.6103|1|INFO|Microsoft.AspNetCore.Hosting.Internal.WebHost|Request starting HTTP/1.1 GET http://localhost:44387/api/DUmmy   
2019-05-29 11:03:05.2099|1|INFO|Microsoft.AspNetCore.Mvc.Internal.ControllerActionInvoker|Route matched with {action = "GetDummy", controller = "DUmmy"}. Executing action CityInfo.API.Controller.DUmmyController.GetDummy (CityInfo.API) 
2019-05-29 11:03:06.5917|10403|INFO|Microsoft.EntityFrameworkCore.Infrastructure|Entity Framework Core 2.1.11-servicing-32099 initialized 'CityDbContext' using provider 'Microsoft.EntityFrameworkCore.SqlServer' with options: None 
2019-05-29 11:03:15.5040|20101|INFO|Microsoft.EntityFrameworkCore.Database.Command|Executed DbCommand (783ms) [Parameters=[], CommandType='Text', CommandTimeout='60']
CREATE DATABASE [CitiesExplorer]; 
2019-05-29 11:03:15.6877|20101|INFO|Microsoft.EntityFrameworkCore.Database.Command|Executed DbCommand (168ms) [Parameters=[], CommandType='Text', CommandTimeout='60']
IF SERVERPROPERTY('EngineEdition') <> 5
BEGIN
    ALTER DATABASE [CitiesExplorer] SET READ_COMMITTED_SNAPSHOT ON;
END; 
2019-05-29 11:03:16.4336|20101|INFO|Microsoft.EntityFrameworkCore.Database.Command|Executed DbCommand (346ms) [Parameters=[], CommandType='Text', CommandTimeout='30']
CREATE TABLE [City] (
    [Id] int NOT NULL IDENTITY,
    [Name] nvarchar(50) NOT NULL,
    [Description] nvarchar(500) NULL,
    CONSTRAINT [PK_City] PRIMARY KEY ([Id])
); 
2019-05-29 11:03:16.5129|20101|INFO|Microsoft.EntityFrameworkCore.Database.Command|Executed DbCommand (77ms) [Parameters=[], CommandType='Text', CommandTimeout='30']
CREATE TABLE [PointOfInterest] (
    [Id] int NOT NULL IDENTITY,
    [Name] nvarchar(50) NOT NULL,
    [Description] nvarchar(500) NULL,
    [CityId] int NOT NULL,
    CONSTRAINT [PK_PointOfInterest] PRIMARY KEY ([Id]),
    CONSTRAINT [FK_PointOfInterest_City_CityId] FOREIGN KEY ([CityId]) REFERENCES [City] ([Id]) ON DELETE CASCADE
); 
2019-05-29 11:03:16.5444|20101|INFO|Microsoft.EntityFrameworkCore.Database.Command|Executed DbCommand (29ms) [Parameters=[], CommandType='Text', CommandTimeout='30']
CREATE INDEX [IX_PointOfInterest_CityId] ON [PointOfInterest] ([CityId]); 
2019-05-29 11:03:16.6429|1|INFO|Microsoft.AspNetCore.Mvc.Internal.ControllerActionInvoker|Executing action method CityInfo.API.Controller.DUmmyController.GetDummy (CityInfo.API) - Validation state: Valid 
2019-05-29 11:04:10.7590|2|INFO|Microsoft.AspNetCore.Mvc.Internal.ControllerActionInvoker|Executed action method CityInfo.API.Controller.DUmmyController.GetDummy (CityInfo.API), returned result Microsoft.AspNetCore.Mvc.OkResult in 54106.6021ms. 
2019-05-29 11:04:10.7748|1|INFO|Microsoft.AspNetCore.Mvc.StatusCodeResult|Executing HttpStatusCodeResult, setting HTTP status code 200 
2019-05-29 11:04:10.7934|2|INFO|Microsoft.AspNetCore.Mvc.Internal.ControllerActionInvoker|Executed action CityInfo.API.Controller.DUmmyController.GetDummy (CityInfo.API) in 65577.8986ms 
2019-05-29 11:04:10.8161|2|INFO|Microsoft.AspNetCore.Hosting.Internal.WebHost|Request finished in 66205.8325ms 200  
2019-05-29 11:16:14.8176|10403|INFO|Microsoft.EntityFrameworkCore.Infrastructure|Entity Framework Core 2.1.11-servicing-32099 initialized 'CityDbContext' using provider 'Microsoft.EntityFrameworkCore.SqlServer' with options: None 
2019-05-29 11:16:15.5260|20101|INFO|Microsoft.EntityFrameworkCore.Database.Command|Executed DbCommand (175ms) [Parameters=[], CommandType='Text', CommandTimeout='30']
IF EXISTS (SELECT * FROM INFORMATION_SCHEMA.TABLES WHERE TABLE_TYPE = 'BASE TABLE') SELECT 1 ELSE SELECT 0 
2019-05-29 11:25:04.4530||INFO|Microsoft.AspNetCore.DataProtection.KeyManagement.XmlKeyManager|User profile is available. Using 'C:\Users\rlopezmachad\AppData\Local\ASP.NET\DataProtection-Keys' as key repository and Windows DPAPI to encrypt keys at rest. 
2019-05-29 11:25:06.8217|1|INFO|Microsoft.AspNetCore.Hosting.Internal.WebHost|Request starting HTTP/1.1 DEBUG http://localhost:58742/  0 
2019-05-29 11:25:06.9388|2|INFO|Microsoft.AspNetCore.Hosting.Internal.WebHost|Request finished in 114.8372ms 200  
2019-05-29 11:25:44.0993|1|INFO|Microsoft.AspNetCore.Hosting.Internal.WebHost|Request starting HTTP/1.1 GET http://localhost:44387/api/DUmmy   
2019-05-29 11:25:44.9379|1|INFO|Microsoft.AspNetCore.Mvc.Internal.ControllerActionInvoker|Route matched with {action = "GetDummy", controller = "DUmmy"}. Executing action CityInfo.API.Controller.DUmmyController.GetDummy (CityInfo.API) 
2019-05-29 11:25:47.8538|10403|INFO|Microsoft.EntityFrameworkCore.Infrastructure|Entity Framework Core 2.1.11-servicing-32099 initialized 'CityDbContext' using provider 'Microsoft.EntityFrameworkCore.SqlServer' with options: None 
2019-05-29 11:25:59.8078|20101|INFO|Microsoft.EntityFrameworkCore.Database.Command|Executed DbCommand (775ms) [Parameters=[], CommandType='Text', CommandTimeout='60']
CREATE DATABASE [CitiesExplorer]; 
2019-05-29 11:26:00.5301|20101|INFO|Microsoft.EntityFrameworkCore.Database.Command|Executed DbCommand (716ms) [Parameters=[], CommandType='Text', CommandTimeout='60']
IF SERVERPROPERTY('EngineEdition') <> 5
BEGIN
    ALTER DATABASE [CitiesExplorer] SET READ_COMMITTED_SNAPSHOT ON;
END; 
2019-05-29 11:26:01.1329|20101|INFO|Microsoft.EntityFrameworkCore.Database.Command|Executed DbCommand (263ms) [Parameters=[], CommandType='Text', CommandTimeout='30']
CREATE TABLE [__EFMigrationsHistory] (
    [MigrationId] nvarchar(150) NOT NULL,
    [ProductVersion] nvarchar(32) NOT NULL,
    CONSTRAINT [PK___EFMigrationsHistory] PRIMARY KEY ([MigrationId])
); 
2019-05-29 11:26:01.1715|20101|INFO|Microsoft.EntityFrameworkCore.Database.Command|Executed DbCommand (32ms) [Parameters=[], CommandType='Text', CommandTimeout='30']
SELECT OBJECT_ID(N'[__EFMigrationsHistory]'); 
2019-05-29 11:26:01.2034|20101|INFO|Microsoft.EntityFrameworkCore.Database.Command|Executed DbCommand (27ms) [Parameters=[], CommandType='Text', CommandTimeout='30']
SELECT [MigrationId], [ProductVersion]
FROM [__EFMigrationsHistory]
ORDER BY [MigrationId]; 
2019-05-29 11:26:01.2387|20402|INFO|Microsoft.EntityFrameworkCore.Migrations|Applying migration '20190529014615_CityInfoMigration'. 
2019-05-29 11:26:01.5147|20101|INFO|Microsoft.EntityFrameworkCore.Database.Command|Executed DbCommand (190ms) [Parameters=[], CommandType='Text', CommandTimeout='30']
CREATE TABLE [City] (
    [Id] int NOT NULL IDENTITY,
    [Name] nvarchar(50) NOT NULL,
    [Description] nvarchar(500) NULL,
    CONSTRAINT [PK_City] PRIMARY KEY ([Id])
); 
2019-05-29 11:26:01.6432|20101|INFO|Microsoft.EntityFrameworkCore.Database.Command|Executed DbCommand (126ms) [Parameters=[], CommandType='Text', CommandTimeout='30']
CREATE TABLE [PointOfInterest] (
    [Id] int NOT NULL IDENTITY,
    [Name] nvarchar(50) NOT NULL,
    [Description] nvarchar(500) NULL,
    [CityId] int NOT NULL,
    CONSTRAINT [PK_PointOfInterest] PRIMARY KEY ([Id]),
    CONSTRAINT [FK_PointOfInterest_City_CityId] FOREIGN KEY ([CityId]) REFERENCES [City] ([Id]) ON DELETE CASCADE
); 
2019-05-29 11:26:01.6770|20101|INFO|Microsoft.EntityFrameworkCore.Database.Command|Executed DbCommand (32ms) [Parameters=[], CommandType='Text', CommandTimeout='30']
CREATE INDEX [IX_PointOfInterest_CityId] ON [PointOfInterest] ([CityId]); 
2019-05-29 11:26:01.9046|20101|INFO|Microsoft.EntityFrameworkCore.Database.Command|Executed DbCommand (226ms) [Parameters=[], CommandType='Text', CommandTimeout='30']
INSERT INTO [__EFMigrationsHistory] ([MigrationId], [ProductVersion])
VALUES (N'20190529014615_CityInfoMigration', N'2.1.11-servicing-32099'); 
2019-05-29 11:26:02.0624|1|INFO|Microsoft.AspNetCore.Mvc.Internal.ControllerActionInvoker|Executing action method CityInfo.API.Controller.DUmmyController.GetDummy (CityInfo.API) - Validation state: Valid 
2019-05-29 11:26:08.5354|2|INFO|Microsoft.AspNetCore.Mvc.Internal.ControllerActionInvoker|Executed action method CityInfo.API.Controller.DUmmyController.GetDummy (CityInfo.API), returned result Microsoft.AspNetCore.Mvc.OkResult in 6464.4632ms. 
2019-05-29 11:26:08.5535|1|INFO|Microsoft.AspNetCore.Mvc.StatusCodeResult|Executing HttpStatusCodeResult, setting HTTP status code 200 
2019-05-29 11:26:08.5627|2|INFO|Microsoft.AspNetCore.Mvc.Internal.ControllerActionInvoker|Executed action CityInfo.API.Controller.DUmmyController.GetDummy (CityInfo.API) in 23615.4735ms 
2019-05-29 11:26:08.5890|2|INFO|Microsoft.AspNetCore.Hosting.Internal.WebHost|Request finished in 24489.721ms 200  
2019-05-29 11:29:01.9519||INFO|Microsoft.AspNetCore.DataProtection.KeyManagement.XmlKeyManager|User profile is available. Using 'C:\Users\rlopezmachad\AppData\Local\ASP.NET\DataProtection-Keys' as key repository and Windows DPAPI to encrypt keys at rest. 
2019-05-29 11:29:03.2796|1|INFO|Microsoft.AspNetCore.Hosting.Internal.WebHost|Request starting HTTP/1.1 DEBUG http://localhost:58742/  0 
2019-05-29 11:29:03.3786|2|INFO|Microsoft.AspNetCore.Hosting.Internal.WebHost|Request finished in 97.4078ms 200  
2019-05-29 11:29:51.0959|1|INFO|Microsoft.AspNetCore.Hosting.Internal.WebHost|Request starting HTTP/1.1 GET http://localhost:44387/api/DUmmy   
2019-05-29 11:29:51.5622|1|INFO|Microsoft.AspNetCore.Mvc.Internal.ControllerActionInvoker|Route matched with {action = "GetDummy", controller = "DUmmy"}. Executing action CityInfo.API.Controller.DUmmyController.GetDummy (CityInfo.API) 
2019-05-29 11:29:52.6750|10403|INFO|Microsoft.EntityFrameworkCore.Infrastructure|Entity Framework Core 2.1.11-servicing-32099 initialized 'CityDbContext' using provider 'Microsoft.EntityFrameworkCore.SqlServer' with options: None 
2019-05-29 11:29:53.6844|20101|INFO|Microsoft.EntityFrameworkCore.Database.Command|Executed DbCommand (287ms) [Parameters=[], CommandType='Text', CommandTimeout='30']
SELECT OBJECT_ID(N'[__EFMigrationsHistory]'); 
2019-05-29 11:29:53.7067|20101|INFO|Microsoft.EntityFrameworkCore.Database.Command|Executed DbCommand (19ms) [Parameters=[], CommandType='Text', CommandTimeout='30']
SELECT OBJECT_ID(N'[__EFMigrationsHistory]'); 
2019-05-29 11:29:53.7837|20101|INFO|Microsoft.EntityFrameworkCore.Database.Command|Executed DbCommand (57ms) [Parameters=[], CommandType='Text', CommandTimeout='30']
SELECT [MigrationId], [ProductVersion]
FROM [__EFMigrationsHistory]
ORDER BY [MigrationId]; 
2019-05-29 11:29:53.8136|20405|INFO|Microsoft.EntityFrameworkCore.Migrations|No migrations were applied. The database is already up to date. 
2019-05-29 11:29:53.8676|1|INFO|Microsoft.AspNetCore.Mvc.Internal.ControllerActionInvoker|Executing action method CityInfo.API.Controller.DUmmyController.GetDummy (CityInfo.API) - Validation state: Valid 
2019-05-29 11:29:56.1223|2|INFO|Microsoft.AspNetCore.Mvc.Internal.ControllerActionInvoker|Executed action method CityInfo.API.Controller.DUmmyController.GetDummy (CityInfo.API), returned result Microsoft.AspNetCore.Mvc.OkResult in 2248.7921ms. 
2019-05-29 11:29:56.1341|1|INFO|Microsoft.AspNetCore.Mvc.StatusCodeResult|Executing HttpStatusCodeResult, setting HTTP status code 200 
2019-05-29 11:29:56.1406|2|INFO|Microsoft.AspNetCore.Mvc.Internal.ControllerActionInvoker|Executed action CityInfo.API.Controller.DUmmyController.GetDummy (CityInfo.API) in 4563.947ms 
2019-05-29 11:29:56.1575|2|INFO|Microsoft.AspNetCore.Hosting.Internal.WebHost|Request finished in 5061.5354ms 200  
2019-05-29 11:31:19.9145||INFO|Microsoft.AspNetCore.DataProtection.KeyManagement.XmlKeyManager|User profile is available. Using 'C:\Users\rlopezmachad\AppData\Local\ASP.NET\DataProtection-Keys' as key repository and Windows DPAPI to encrypt keys at rest. 
2019-05-29 11:31:21.2782|1|INFO|Microsoft.AspNetCore.Hosting.Internal.WebHost|Request starting HTTP/1.1 DEBUG http://localhost:58742/  0 
2019-05-29 11:31:21.3462|2|INFO|Microsoft.AspNetCore.Hosting.Internal.WebHost|Request finished in 64.8342ms 200  
2019-05-29 14:37:41.7220||INFO|Microsoft.AspNetCore.DataProtection.KeyManagement.XmlKeyManager|User profile is available. Using 'C:\Users\rlopezmachad\AppData\Local\ASP.NET\DataProtection-Keys' as key repository and Windows DPAPI to encrypt keys at rest. 
2019-05-29 14:37:42.9013|1|INFO|Microsoft.AspNetCore.Hosting.Internal.WebHost|Request starting HTTP/1.1 DEBUG http://localhost:58742/  0 
2019-05-29 14:37:43.0006|2|INFO|Microsoft.AspNetCore.Hosting.Internal.WebHost|Request finished in 98.305ms 200  
